<?xml version="1.0" encoding="UTF-8"?>
<!-- Generated by org.testng.reporters.JUnitReportReporter -->
<testsuite name="BaseClass.BaseClass" tests="1" time="0.014" ignored="0" failures="0" timestamp="22 Mar 2022 11:01:29 GMT" skipped="0" hostname="DESKTOP-DVUHKKB" errors="0">
  <testcase name="OpenBrowser" time="0.014" classname="BaseClass.BaseClass"/>
</testsuite> <!-- BaseClass.BaseClass -->
