<?xml version="1.0" encoding="UTF-8"?>
<!-- Generated by org.testng.reporters.JUnitReportReporter -->
<testsuite skipped="0" hostname="DESKTOP-DVUHKKB" name="BaseClass.BaseClass" tests="1" failures="0" timestamp="2022-03-22T22:39:00 IST" time="0.009" errors="0">
  <testcase name="OpenBrowser" time="0.009" classname="BaseClass.BaseClass"/>
  <system-out/>
</testsuite> <!-- BaseClass.BaseClass -->
